=== Boosted CMAR Benchmark — T=10 stratified=10 costSensitive=true ===

  Loading Anneal... real data (898 rows)
  Loading Australian... real data (690 rows)
  Loading Auto... real data (205 rows)
  Loading Breast-Cancer... real data (683 rows)
  Loading Cleve... real data (303 rows)
  Loading Crx... real data (690 rows)
  Loading Diabetes... real data (768 rows)
  Loading German... real data (1000 rows)
  Loading Glass... real data (214 rows)
  Loading Heart... real data (270 rows)
  Loading Hepatitis... real data (155 rows)
  Loading Horse... real data (368 rows)
  Loading Hypo... real data (3163 rows)
  Loading Iono... real data (351 rows)
  Loading Iris... real data (150 rows)
  Loading Labor... real data (57 rows)
  Loading Led7... real data (3200 rows)
  Loading Lymphography... real data (148 rows)
  Loading Pima... real data (768 rows)
  Loading Sick... real data (2800 rows)
  Loading Sonar... real data (208 rows)
  Loading Tic-Tac-Toe... real data (958 rows)
  Loading Vehicle... real data (846 rows)
  Loading Waveform... real data (5000 rows)
  Loading Wine... real data (178 rows)
  Loading Zoo... real data (101 rows)
Running: Anneal ...
  Done: acc=0.9778 F1=0.8198 R=0.8174 (paper=97.30%) rounds_avg=10.0
Running: Australian ...
  Done: acc=0.8652 F1=0.8631 R=0.8625 (paper=86.10%) rounds_avg=10.0
Running: Auto ...
  Done: acc=0.7714 F1=0.7400 R=0.7540 (paper=78.10%) rounds_avg=10.0
Running: Breast-Cancer ...
  Done: acc=0.9765 F1=0.9744 R=0.9780 (paper=96.40%) rounds_avg=10.0
Running: Cleve ...
  Done: acc=0.8124 F1=0.8084 R=0.8094 (paper=82.20%) rounds_avg=10.0
Running: Crx ...
  Done: acc=0.8671 F1=0.8641 R=0.8623 (paper=84.90%) rounds_avg=10.0
Running: Diabetes ...
  Done: acc=0.7396 F1=0.6867 R=0.6779 (paper=75.80%) rounds_avg=10.0
Running: German ...
  Done: acc=0.7300 F1=0.6354 R=0.6271 (paper=74.90%) rounds_avg=10.0
Running: Glass ...
  Done: acc=0.7118 F1=0.6327 R=0.6771 (paper=70.10%) rounds_avg=10.0
Running: Heart ...
  Done: acc=0.8111 F1=0.8065 R=0.8083 (paper=82.20%) rounds_avg=10.0
Running: Hepatitis ...
  Done: acc=0.8425 F1=0.7864 R=0.8032 (paper=80.50%) rounds_avg=10.0
Running: Horse ...
  Done: acc=0.8558 F1=0.8445 R=0.8446 (paper=82.60%) rounds_avg=10.0
Running: Hypo ...
  Done: acc=0.9757 F1=0.8263 R=0.7638 (paper=98.40%) rounds_avg=10.0
Running: Iono ...
  Done: acc=0.9314 F1=0.9244 R=0.9201 (paper=91.50%) rounds_avg=10.0
Running: Iris ...
  Done: acc=0.9333 F1=0.9325 R=0.9333 (paper=94.00%) rounds_avg=10.0
Running: Labor ...
  Done: acc=0.8800 F1=0.8660 R=0.8750 (paper=89.70%) rounds_avg=10.0
Running: Led7 ...
  Done: acc=0.7260 F1=0.7155 R=0.7236 (paper=72.50%) rounds_avg=10.0
Running: Lymphography ...
  Done: acc=0.8116 F1=0.7029 R=0.7047 (paper=83.10%) rounds_avg=10.0
Running: Pima ...
  Done: acc=0.7396 F1=0.6867 R=0.6779 (paper=75.10%) rounds_avg=10.0
Running: Sick ...
  Done: acc=0.9736 F1=0.8714 R=0.8516 (paper=97.50%) rounds_avg=10.0
Running: Sonar ...
  Done: acc=0.7794 F1=0.7749 R=0.7770 (paper=79.40%) rounds_avg=10.0
Running: Tic-Tac-Toe ...
  Done: acc=0.9864 F1=0.9849 R=0.9833 (paper=99.20%) rounds_avg=10.0
Running: Vehicle ...
  Done: acc=0.6738 F1=0.6473 R=0.6769 (paper=68.80%) rounds_avg=10.0
Running: Waveform ...
  Done: acc=0.8310 F1=0.8285 R=0.8305 (paper=83.20%) rounds_avg=10.0
Running: Wine ...
  Done: acc=0.9675 F1=0.9686 R=0.9724 (paper=95.00%) rounds_avg=10.0
Running: Zoo ...
  Done: acc=0.9135 F1=0.8330 R=0.8621 (paper=97.10%) rounds_avg=10.0

Report: results/boost/bagging-T10-br07.md
