=== Boosted CMAR Benchmark — T=5 stratified=10 costSensitive=true ===

  Loading Anneal... real data (898 rows)
  Loading Australian... real data (690 rows)
  Loading Auto... real data (205 rows)
  Loading Breast-Cancer... real data (683 rows)
  Loading Cleve... real data (303 rows)
  Loading Crx... real data (690 rows)
  Loading Diabetes... real data (768 rows)
  Loading German... real data (1000 rows)
  Loading Glass... real data (214 rows)
  Loading Heart... real data (270 rows)
  Loading Hepatitis... real data (155 rows)
  Loading Horse... real data (368 rows)
  Loading Hypo... real data (3163 rows)
  Loading Iono... real data (351 rows)
  Loading Iris... real data (150 rows)
  Loading Labor... real data (57 rows)
  Loading Led7... real data (3200 rows)
  Loading Lymphography... real data (148 rows)
  Loading Pima... real data (768 rows)
  Loading Sick... real data (2800 rows)
  Loading Sonar... real data (208 rows)
  Loading Tic-Tac-Toe... real data (958 rows)
  Loading Vehicle... real data (846 rows)
  Loading Waveform... real data (5000 rows)
  Loading Wine... real data (178 rows)
  Loading Zoo... real data (101 rows)
Running: Anneal ...
  Done: acc=0.9823 F1=0.8245 R=0.8270 (paper=97.30%) rounds_avg=1.0
Running: Australian ...
  Done: acc=0.8681 F1=0.8665 R=0.8673 (paper=86.10%) rounds_avg=1.0
Running: Auto ...
  Done: acc=0.8175 F1=0.8030 R=0.8181 (paper=78.10%) rounds_avg=1.0
Running: Breast-Cancer ...
  Done: acc=0.9547 F1=0.9485 R=0.9418 (paper=96.40%) rounds_avg=1.0
Running: Cleve ...
  Done: acc=0.8158 F1=0.8121 R=0.8128 (paper=82.20%) rounds_avg=1.0
Running: Crx ...
  Done: acc=0.8569 F1=0.8550 R=0.8551 (paper=84.90%) rounds_avg=1.0
Running: Diabetes ...
  Done: acc=0.7396 F1=0.6661 R=0.6616 (paper=75.80%) rounds_avg=1.0
Running: German ...
  Done: acc=0.7340 F1=0.6176 R=0.6110 (paper=74.90%) rounds_avg=1.0
Running: Glass ...
  Done: acc=0.7013 F1=0.6042 R=0.6430 (paper=70.10%) rounds_avg=1.0
Running: Heart ...
  Done: acc=0.8000 F1=0.7949 R=0.7942 (paper=82.20%) rounds_avg=1.0
Running: Hepatitis ...
  Done: acc=0.8154 F1=0.7189 R=0.7237 (paper=80.50%) rounds_avg=1.0
Running: Horse ...
  Done: acc=0.8152 F1=0.8000 R=0.8001 (paper=82.60%) rounds_avg=1.0
Running: Hypo ...
  Done: acc=0.9829 F1=0.8907 R=0.8436 (paper=98.40%) rounds_avg=1.0
Running: Iono ...
  Done: acc=0.9319 F1=0.9249 R=0.9224 (paper=91.50%) rounds_avg=1.0
Running: Iris ...
  Done: acc=0.9267 F1=0.9258 R=0.9267 (paper=94.00%) rounds_avg=1.0
Running: Labor ...
  Done: acc=0.9167 F1=0.9009 R=0.9000 (paper=89.70%) rounds_avg=1.0
Running: Led7 ...
  Done: acc=0.7372 F1=0.7282 R=0.7355 (paper=72.50%) rounds_avg=1.0
Running: Lymphography ...
  Done: acc=0.8390 F1=0.7127 R=0.7154 (paper=83.10%) rounds_avg=1.0
Running: Pima ...
  Done: acc=0.7396 F1=0.6661 R=0.6616 (paper=75.10%) rounds_avg=1.0
Running: Sick ...
  Done: acc=0.9782 F1=0.9049 R=0.9034 (paper=97.50%) rounds_avg=1.0
Running: Sonar ...
  Done: acc=0.8025 F1=0.8004 R=0.8051 (paper=79.40%) rounds_avg=1.0
Running: Tic-Tac-Toe ...
  Done: acc=0.9906 F1=0.9894 R=0.9864 (paper=99.20%) rounds_avg=1.0
Running: Vehicle ...
  Done: acc=0.6774 F1=0.6513 R=0.6806 (paper=68.80%) rounds_avg=1.0
Running: Waveform ...
  Done: acc=0.8334 F1=0.8325 R=0.8331 (paper=83.20%) rounds_avg=1.0
Running: Wine ...
  Done: acc=0.9564 F1=0.9571 R=0.9602 (paper=95.00%) rounds_avg=1.0
Running: Zoo ...
  Done: acc=0.9652 F1=0.9181 R=0.9371 (paper=97.10%) rounds_avg=1.0

Report: results/boost/bayesian.md
