=== Boosted CMAR Benchmark — T=5 stratified=10 costSensitive=true ===

  Loading Anneal... real data (898 rows)
  Loading Australian... real data (690 rows)
  Loading Auto... real data (205 rows)
  Loading Breast-Cancer... real data (683 rows)
  Loading Cleve... real data (303 rows)
  Loading Crx... real data (690 rows)
  Loading Diabetes... real data (768 rows)
  Loading German... real data (1000 rows)
  Loading Glass... real data (214 rows)
  Loading Heart... real data (270 rows)
  Loading Hepatitis... real data (155 rows)
  Loading Horse... real data (368 rows)
  Loading Hypo... real data (3163 rows)
  Loading Iono... real data (351 rows)
  Loading Iris... real data (150 rows)
  Loading Labor... real data (57 rows)
  Loading Led7... real data (3200 rows)
  Loading Lymphography... real data (148 rows)
  Loading Pima... real data (768 rows)
  Loading Sick... real data (2800 rows)
  Loading Sonar... real data (208 rows)
  Loading Tic-Tac-Toe... real data (958 rows)
  Loading Vehicle... real data (846 rows)
  Loading Waveform... real data (5000 rows)
  Loading Wine... real data (178 rows)
  Loading Zoo... real data (101 rows)
Running: Anneal ...
  Done: acc=0.9900 F1=0.9491 R=0.9576 (paper=97.30%) rounds_avg=5.0
Running: Australian ...
  Done: acc=0.8378 F1=0.8355 R=0.8349 (paper=86.10%) rounds_avg=5.0
Running: Auto ...
  Done: acc=0.8108 F1=0.8070 R=0.8129 (paper=78.10%) rounds_avg=5.0
Running: Breast-Cancer ...
  Done: acc=0.9649 F1=0.9610 R=0.9575 (paper=96.40%) rounds_avg=5.0
Running: Cleve ...
  Done: acc=0.7820 F1=0.7773 R=0.7768 (paper=82.20%) rounds_avg=5.0
Running: Crx ...
  Done: acc=0.8380 F1=0.8355 R=0.8352 (paper=84.90%) rounds_avg=5.0
Running: Diabetes ...
  Done: acc=0.7253 F1=0.6937 R=0.6918 (paper=75.80%) rounds_avg=5.0
Running: German ...
  Done: acc=0.7370 F1=0.6629 R=0.6560 (paper=74.90%) rounds_avg=5.0
Running: Glass ...
  Done: acc=0.6424 F1=0.5731 R=0.6099 (paper=70.10%) rounds_avg=5.0
Running: Heart ...
  Done: acc=0.7593 F1=0.7545 R=0.7583 (paper=82.20%) rounds_avg=5.0
Running: Hepatitis ...
  Done: acc=0.8181 F1=0.6815 R=0.6965 (paper=80.50%) rounds_avg=5.0
Running: Horse ...
  Done: acc=0.8149 F1=0.7974 R=0.7964 (paper=82.60%) rounds_avg=5.0
Running: Hypo ...
  Done: acc=0.9902 F1=0.9446 R=0.9355 (paper=98.40%) rounds_avg=5.0
Running: Iono ...
  Done: acc=0.9143 F1=0.9049 R=0.8999 (paper=91.50%) rounds_avg=5.0
Running: Iris ...
  Done: acc=0.9400 F1=0.9397 R=0.9400 (paper=94.00%) rounds_avg=5.0
Running: Labor ...
  Done: acc=0.8600 F1=0.8380 R=0.8375 (paper=89.70%) rounds_avg=4.2
Running: Led7 ...
  Done: acc=0.7050 F1=0.6977 R=0.7037 (paper=72.50%) rounds_avg=5.0
Running: Lymphography ...
  Done: acc=0.8109 F1=0.7753 R=0.7857 (paper=83.10%) rounds_avg=5.0
Running: Pima ...
  Done: acc=0.7253 F1=0.6937 R=0.6918 (paper=75.10%) rounds_avg=5.0
Running: Sick ...
  Done: acc=0.9686 F1=0.8562 R=0.8433 (paper=97.50%) rounds_avg=5.0
Running: Sonar ...
  Done: acc=0.8130 F1=0.8098 R=0.8098 (paper=79.40%) rounds_avg=5.0
Running: Tic-Tac-Toe ...
  Done: acc=0.9885 F1=0.9871 R=0.9848 (paper=99.20%) rounds_avg=5.0
Running: Vehicle ...
  Done: acc=0.6950 F1=0.6902 R=0.6969 (paper=68.80%) rounds_avg=5.0
Running: Waveform ...
  Done: acc=0.8012 F1=0.7990 R=0.8008 (paper=83.20%) rounds_avg=5.0
Running: Wine ...
  Done: acc=0.9401 F1=0.9414 R=0.9457 (paper=95.00%) rounds_avg=3.8
Running: Zoo ...
  Done: acc=0.9318 F1=0.9014 R=0.9151 (paper=97.10%) rounds_avg=4.6

Report: results/boost/boosted-T5.md
