=== Boosted CMAR Benchmark — T=10 stratified=10 costSensitive=true ===

  Loading Anneal... real data (898 rows)
  Loading Australian... real data (690 rows)
  Loading Auto... real data (205 rows)
  Loading Breast-Cancer... real data (683 rows)
  Loading Cleve... real data (303 rows)
  Loading Crx... real data (690 rows)
  Loading Diabetes... real data (768 rows)
  Loading German... real data (1000 rows)
  Loading Glass... real data (214 rows)
  Loading Heart... real data (270 rows)
  Loading Hepatitis... real data (155 rows)
  Loading Horse... real data (368 rows)
  Loading Hypo... real data (3163 rows)
  Loading Iono... real data (351 rows)
  Loading Iris... real data (150 rows)
  Loading Labor... real data (57 rows)
  Loading Led7... real data (3200 rows)
  Loading Lymphography... real data (148 rows)
  Loading Pima... real data (768 rows)
  Loading Sick... real data (2800 rows)
  Loading Sonar... real data (208 rows)
  Loading Tic-Tac-Toe... real data (958 rows)
  Loading Vehicle... real data (846 rows)
  Loading Waveform... real data (5000 rows)
  Loading Wine... real data (178 rows)
  Loading Zoo... real data (101 rows)
Running: Anneal ...
  Done: acc=0.9822 F1=0.9512 R=0.9649 (paper=97.30%) rounds_avg=10.0
Running: Australian ...
  Done: acc=0.8710 F1=0.8690 R=0.8690 (paper=86.10%) rounds_avg=10.0
Running: Auto ...
  Done: acc=0.7605 F1=0.7400 R=0.7438 (paper=78.10%) rounds_avg=10.0
Running: Breast-Cancer ...
  Done: acc=0.9736 F1=0.9711 R=0.9738 (paper=96.40%) rounds_avg=10.0
Running: Cleve ...
  Done: acc=0.8029 F1=0.7996 R=0.8009 (paper=82.20%) rounds_avg=10.0
Running: Crx ...
  Done: acc=0.8669 F1=0.8648 R=0.8644 (paper=84.90%) rounds_avg=10.0
Running: Diabetes ...
  Done: acc=0.7383 F1=0.7150 R=0.7186 (paper=75.80%) rounds_avg=10.0
Running: German ...
  Done: acc=0.7340 F1=0.6932 R=0.6995 (paper=74.90%) rounds_avg=10.0
Running: Glass ...
  Done: acc=0.7081 F1=0.6252 R=0.6781 (paper=70.10%) rounds_avg=10.0
Running: Heart ...
  Done: acc=0.8185 F1=0.8157 R=0.8175 (paper=82.20%) rounds_avg=10.0
Running: Hepatitis ...
  Done: acc=0.8166 F1=0.7467 R=0.7577 (paper=80.50%) rounds_avg=10.0
Running: Horse ...
  Done: acc=0.8530 F1=0.8409 R=0.8420 (paper=82.60%) rounds_avg=10.0
Running: Hypo ...
  Done: acc=0.9851 F1=0.9240 R=0.9479 (paper=98.40%) rounds_avg=10.0
Running: Iono ...
  Done: acc=0.9201 F1=0.9110 R=0.9027 (paper=91.50%) rounds_avg=10.0
Running: Iris ...
  Done: acc=0.9533 F1=0.9526 R=0.9533 (paper=94.00%) rounds_avg=10.0
Running: Labor ...
  Done: acc=0.8833 F1=0.8736 R=0.8875 (paper=89.70%) rounds_avg=10.0
Running: Led7 ...
  Done: acc=0.7288 F1=0.7178 R=0.7264 (paper=72.50%) rounds_avg=10.0
Running: Lymphography ...
  Done: acc=0.8540 F1=0.7382 R=0.7397 (paper=83.10%) rounds_avg=10.0
Running: Pima ...
  Done: acc=0.7383 F1=0.7150 R=0.7186 (paper=75.10%) rounds_avg=10.0
Running: Sick ...
  Done: acc=0.9739 F1=0.8957 R=0.9287 (paper=97.50%) rounds_avg=10.0
Running: Sonar ...
  Done: acc=0.7835 F1=0.7769 R=0.7766 (paper=79.40%) rounds_avg=10.0
Running: Tic-Tac-Toe ...
  Done: acc=0.9895 F1=0.9884 R=0.9891 (paper=99.20%) rounds_avg=10.0
Running: Vehicle ...
  Done: acc=0.6928 F1=0.6838 R=0.6958 (paper=68.80%) rounds_avg=10.0
Running: Waveform ...
  Done: acc=0.8338 F1=0.8320 R=0.8334 (paper=83.20%) rounds_avg=10.0
Running: Wine ...
  Done: acc=0.9443 F1=0.9456 R=0.9526 (paper=95.00%) rounds_avg=10.0
Running: Zoo ...
  Done: acc=0.9477 F1=0.9026 R=0.9300 (paper=97.10%) rounds_avg=10.0

Report: results/boost/FINAL-COMBO.md
