=== Boosted CMAR Benchmark — T=15 stratified=10 costSensitive=true ===

  Loading Anneal... real data (898 rows)
  Loading Australian... real data (690 rows)
  Loading Auto... real data (205 rows)
  Loading Breast-Cancer... real data (683 rows)
  Loading Cleve... real data (303 rows)
  Loading Crx... real data (690 rows)
  Loading Diabetes... real data (768 rows)
  Loading German... real data (1000 rows)
  Loading Glass... real data (214 rows)
  Loading Heart... real data (270 rows)
  Loading Hepatitis... real data (155 rows)
  Loading Horse... real data (368 rows)
  Loading Hypo... real data (3163 rows)
  Loading Iono... real data (351 rows)
  Loading Iris... real data (150 rows)
  Loading Labor... real data (57 rows)
  Loading Led7... real data (3200 rows)
  Loading Lymphography... real data (148 rows)
  Loading Pima... real data (768 rows)
  Loading Sick... real data (2800 rows)
  Loading Sonar... real data (208 rows)
  Loading Tic-Tac-Toe... real data (958 rows)
  Loading Vehicle... real data (846 rows)
  Loading Waveform... real data (5000 rows)
  Loading Wine... real data (178 rows)
  Loading Zoo... real data (101 rows)
Running: Anneal ...
  Done: acc=0.9833 F1=0.8268 R=0.8273 (paper=97.30%) rounds_avg=15.0
Running: Australian ...
  Done: acc=0.8653 F1=0.8629 R=0.8626 (paper=86.10%) rounds_avg=15.0
Running: Auto ...
  Done: acc=0.8108 F1=0.8075 R=0.8216 (paper=78.10%) rounds_avg=15.0
Running: Breast-Cancer ...
  Done: acc=0.9750 F1=0.9726 R=0.9758 (paper=96.40%) rounds_avg=15.0
Running: Cleve ...
  Done: acc=0.8189 F1=0.8159 R=0.8163 (paper=82.20%) rounds_avg=15.0
Running: Crx ...
  Done: acc=0.8642 F1=0.8618 R=0.8610 (paper=84.90%) rounds_avg=15.0
Running: Diabetes ...
  Done: acc=0.7344 F1=0.6788 R=0.6712 (paper=75.80%) rounds_avg=15.0
Running: German ...
  Done: acc=0.7340 F1=0.6036 R=0.6014 (paper=74.90%) rounds_avg=15.0
Running: Glass ...
  Done: acc=0.6973 F1=0.6129 R=0.6557 (paper=70.10%) rounds_avg=15.0
Running: Heart ...
  Done: acc=0.8148 F1=0.8100 R=0.8117 (paper=82.20%) rounds_avg=15.0
Running: Hepatitis ...
  Done: acc=0.8033 F1=0.7292 R=0.7410 (paper=80.50%) rounds_avg=15.0
Running: Horse ...
  Done: acc=0.8369 F1=0.8241 R=0.8265 (paper=82.60%) rounds_avg=15.0
Running: Hypo ...
  Done: acc=0.9877 F1=0.9253 R=0.8960 (paper=98.40%) rounds_avg=15.0
Running: Iono ...
  Done: acc=0.9258 F1=0.9179 R=0.9124 (paper=91.50%) rounds_avg=15.0
Running: Iris ...
  Done: acc=0.9333 F1=0.9325 R=0.9333 (paper=94.00%) rounds_avg=15.0
Running: Labor ...
  Done: acc=0.8800 F1=0.8692 R=0.8750 (paper=89.70%) rounds_avg=15.0
Running: Led7 ...
  Done: acc=0.7254 F1=0.7137 R=0.7228 (paper=72.50%) rounds_avg=15.0
Running: Lymphography ...
  Done: acc=0.8310 F1=0.7112 R=0.7099 (paper=83.10%) rounds_avg=15.0
Running: Pima ...
  Done: acc=0.7344 F1=0.6788 R=0.6712 (paper=75.10%) rounds_avg=15.0
Running: Sick ...
  Done: acc=0.9725 F1=0.8649 R=0.8428 (paper=97.50%) rounds_avg=15.0
Running: Sonar ...
  Done: acc=0.8135 F1=0.8104 R=0.8127 (paper=79.40%) rounds_avg=15.0
Running: Tic-Tac-Toe ...
  Done: acc=0.9906 F1=0.9894 R=0.9871 (paper=99.20%) rounds_avg=15.0
Running: Vehicle ...
  Done: acc=0.6843 F1=0.6597 R=0.6880 (paper=68.80%) rounds_avg=15.0
Running: Waveform ...
  Done: acc=0.8384 F1=0.8369 R=0.8379 (paper=83.20%) rounds_avg=15.0
Running: Wine ...
  Done: acc=0.9620 F1=0.9630 R=0.9669 (paper=95.00%) rounds_avg=15.0
Running: Zoo ...
  Done: acc=0.9395 F1=0.8812 R=0.9050 (paper=97.10%) rounds_avg=15.0

Report: results/boost/hyperbag-T15.md
