=== Boosted CMAR Benchmark — T=10 stratified=10 costSensitive=true ===

  Loading Anneal... real data (898 rows)
  Loading Australian... real data (690 rows)
  Loading Auto... real data (205 rows)
  Loading Breast-Cancer... real data (683 rows)
  Loading Cleve... real data (303 rows)
  Loading Crx... real data (690 rows)
  Loading Diabetes... real data (768 rows)
  Loading German... real data (1000 rows)
  Loading Glass... real data (214 rows)
  Loading Heart... real data (270 rows)
  Loading Hepatitis... real data (155 rows)
  Loading Horse... real data (368 rows)
  Loading Hypo... real data (3163 rows)
  Loading Iono... real data (351 rows)
  Loading Iris... real data (150 rows)
  Loading Labor... real data (57 rows)
  Loading Led7... real data (3200 rows)
  Loading Lymphography... real data (148 rows)
  Loading Pima... real data (768 rows)
  Loading Sick... real data (2800 rows)
  Loading Sonar... real data (208 rows)
  Loading Tic-Tac-Toe... real data (958 rows)
  Loading Vehicle... real data (846 rows)
  Loading Waveform... real data (5000 rows)
  Loading Wine... real data (178 rows)
  Loading Zoo... real data (101 rows)
Running: Anneal ...
  Done: acc=0.9755 F1=0.8137 R=0.8036 (paper=97.30%) rounds_avg=10.0
Running: Australian ...
  Done: acc=0.8593 F1=0.8572 R=0.8572 (paper=86.10%) rounds_avg=10.0
Running: Auto ...
  Done: acc=0.7934 F1=0.7567 R=0.7647 (paper=78.10%) rounds_avg=10.0
Running: Breast-Cancer ...
  Done: acc=0.9736 F1=0.9710 R=0.9747 (paper=96.40%) rounds_avg=10.0
Running: Cleve ...
  Done: acc=0.8287 F1=0.8244 R=0.8245 (paper=82.20%) rounds_avg=10.0
Running: Crx ...
  Done: acc=0.8758 F1=0.8726 R=0.8705 (paper=84.90%) rounds_avg=10.0
Running: Diabetes ...
  Done: acc=0.7461 F1=0.6829 R=0.6749 (paper=75.80%) rounds_avg=10.0
Running: German ...
  Done: acc=0.7310 F1=0.5754 R=0.5831 (paper=74.90%) rounds_avg=10.0
Running: Glass ...
  Done: acc=0.6936 F1=0.5567 R=0.5868 (paper=70.10%) rounds_avg=10.0
Running: Heart ...
  Done: acc=0.8185 F1=0.8135 R=0.8133 (paper=82.20%) rounds_avg=10.0
Running: Hepatitis ...
  Done: acc=0.8029 F1=0.6994 R=0.7035 (paper=80.50%) rounds_avg=10.0
Running: Horse ...
  Done: acc=0.8286 F1=0.8137 R=0.8120 (paper=82.60%) rounds_avg=10.0
Running: Hypo ...
  Done: acc=0.9776 F1=0.8381 R=0.7773 (paper=98.40%) rounds_avg=10.0
Running: Iono ...
  Done: acc=0.9287 F1=0.9218 R=0.9198 (paper=91.50%) rounds_avg=10.0
Running: Iris ...
  Done: acc=0.9467 F1=0.9464 R=0.9467 (paper=94.00%) rounds_avg=10.0
Running: Labor ...
  Done: acc=0.8633 F1=0.8488 R=0.8625 (paper=89.70%) rounds_avg=10.0
Running: Led7 ...
  Done: acc=0.6804 F1=0.6524 R=0.6775 (paper=72.50%) rounds_avg=10.0
Running: Lymphography ...
  Done: acc=0.8526 F1=0.7478 R=0.7491 (paper=83.10%) rounds_avg=10.0
Running: Pima ...
  Done: acc=0.7461 F1=0.6829 R=0.6749 (paper=75.10%) rounds_avg=10.0
Running: Sick ...
  Done: acc=0.9461 F1=0.5995 R=0.5692 (paper=97.50%) rounds_avg=10.0
Running: Sonar ...
  Done: acc=0.7889 F1=0.7831 R=0.7846 (paper=79.40%) rounds_avg=10.0
Running: Tic-Tac-Toe ...
  Done: acc=0.8760 F1=0.8442 R=0.8261 (paper=99.20%) rounds_avg=10.0
Running: Vehicle ...
  Done: acc=0.6713 F1=0.6402 R=0.6751 (paper=68.80%) rounds_avg=10.0
Running: Waveform ...
  Done: acc=0.8306 F1=0.8280 R=0.8301 (paper=83.20%) rounds_avg=10.0
Running: Wine ...
  Done: acc=0.9728 F1=0.9733 R=0.9758 (paper=95.00%) rounds_avg=10.0
Running: Zoo ...
  Done: acc=0.9366 F1=0.8646 R=0.8877 (paper=97.10%) rounds_avg=10.0

Report: results/boost/bagging-T10-fs07.md
