=== Boosted CMAR Benchmark — T=20 stratified=10 costSensitive=true ===

  Loading Anneal... real data (898 rows)
  Loading Australian... real data (690 rows)
  Loading Auto... real data (205 rows)
  Loading Breast-Cancer... real data (683 rows)
  Loading Cleve... real data (303 rows)
  Loading Crx... real data (690 rows)
  Loading Diabetes... real data (768 rows)
  Loading German... real data (1000 rows)
  Loading Glass... real data (214 rows)
  Loading Heart... real data (270 rows)
  Loading Hepatitis... real data (155 rows)
  Loading Horse... real data (368 rows)
  Loading Hypo... real data (3163 rows)
  Loading Iono... real data (351 rows)
  Loading Iris... real data (150 rows)
  Loading Labor... real data (57 rows)
  Loading Led7... real data (3200 rows)
  Loading Lymphography... real data (148 rows)
  Loading Pima... real data (768 rows)
  Loading Sick... real data (2800 rows)
  Loading Sonar... real data (208 rows)
  Loading Tic-Tac-Toe... real data (958 rows)
  Loading Vehicle... real data (846 rows)
  Loading Waveform... real data (5000 rows)
  Loading Wine... real data (178 rows)
  Loading Zoo... real data (101 rows)
Running: Anneal ...
  Done: acc=0.9811 F1=0.8242 R=0.8245 (paper=97.30%) rounds_avg=20.0
Running: Australian ...
  Done: acc=0.8609 F1=0.8585 R=0.8580 (paper=86.10%) rounds_avg=20.0
Running: Auto ...
  Done: acc=0.8167 F1=0.7996 R=0.8118 (paper=78.10%) rounds_avg=20.0
Running: Breast-Cancer ...
  Done: acc=0.9721 F1=0.9693 R=0.9716 (paper=96.40%) rounds_avg=20.0
Running: Cleve ...
  Done: acc=0.8253 F1=0.8226 R=0.8233 (paper=82.20%) rounds_avg=20.0
Running: Crx ...
  Done: acc=0.8526 F1=0.8500 R=0.8490 (paper=84.90%) rounds_avg=20.0
Running: Diabetes ...
  Done: acc=0.7382 F1=0.6832 R=0.6750 (paper=75.80%) rounds_avg=20.0
Running: German ...
  Done: acc=0.7180 F1=0.6508 R=0.6462 (paper=74.90%) rounds_avg=20.0
Running: Glass ...
  Done: acc=0.7121 F1=0.6356 R=0.6771 (paper=70.10%) rounds_avg=20.0
Running: Heart ...
  Done: acc=0.8111 F1=0.8073 R=0.8100 (paper=82.20%) rounds_avg=20.0
Running: Hepatitis ...
  Done: acc=0.8096 F1=0.7542 R=0.7788 (paper=80.50%) rounds_avg=20.0
Running: Horse ...
  Done: acc=0.8316 F1=0.8191 R=0.8239 (paper=82.60%) rounds_avg=20.0
Running: Hypo ...
  Done: acc=0.9848 F1=0.9036 R=0.8603 (paper=98.40%) rounds_avg=20.0
Running: Iono ...
  Done: acc=0.9342 F1=0.9276 R=0.9239 (paper=91.50%) rounds_avg=20.0
Running: Iris ...
  Done: acc=0.9333 F1=0.9325 R=0.9333 (paper=94.00%) rounds_avg=20.0
Running: Labor ...
  Done: acc=0.8433 F1=0.8200 R=0.8250 (paper=89.70%) rounds_avg=20.0
Running: Led7 ...
  Done: acc=0.7285 F1=0.7172 R=0.7261 (paper=72.50%) rounds_avg=20.0
Running: Lymphography ...
  Done: acc=0.8192 F1=0.6999 R=0.7064 (paper=83.10%) rounds_avg=20.0
Running: Pima ...
  Done: acc=0.7382 F1=0.6832 R=0.6750 (paper=75.10%) rounds_avg=20.0
Running: Sick ...
  Done: acc=0.9739 F1=0.8787 R=0.8580 (paper=97.50%) rounds_avg=20.0
Running: Sonar ...
  Done: acc=0.8075 F1=0.8060 R=0.8066 (paper=79.40%) rounds_avg=20.0
Running: Tic-Tac-Toe ...
  Done: acc=0.9843 F1=0.9826 R=0.9837 (paper=99.20%) rounds_avg=20.0
Running: Vehicle ...
  Done: acc=0.6879 F1=0.6664 R=0.6914 (paper=68.80%) rounds_avg=20.0
Running: Waveform ...
  Done: acc=0.8310 F1=0.8291 R=0.8305 (paper=83.20%) rounds_avg=20.0
Running: Wine ...
  Done: acc=0.9509 F1=0.9518 R=0.9546 (paper=95.00%) rounds_avg=20.0
Running: Zoo ...
  Done: acc=0.9394 F1=0.8732 R=0.9050 (paper=97.10%) rounds_avg=20.0

Report: results/boost/bagging-T20-fs10.md
