=== Boosted CMAR Benchmark — T=7 stratified=10 costSensitive=true ===

  Loading Anneal... real data (898 rows)
  Loading Australian... real data (690 rows)
  Loading Auto... real data (205 rows)
  Loading Breast-Cancer... real data (683 rows)
  Loading Cleve... real data (303 rows)
  Loading Crx... real data (690 rows)
  Loading Diabetes... real data (768 rows)
  Loading German... real data (1000 rows)
  Loading Glass... real data (214 rows)
  Loading Heart... real data (270 rows)
  Loading Hepatitis... real data (155 rows)
  Loading Horse... real data (368 rows)
  Loading Hypo... real data (3163 rows)
  Loading Iono... real data (351 rows)
  Loading Iris... real data (150 rows)
  Loading Labor... real data (57 rows)
  Loading Led7... real data (3200 rows)
  Loading Lymphography... real data (148 rows)
  Loading Pima... real data (768 rows)
  Loading Sick... real data (2800 rows)
  Loading Sonar... real data (208 rows)
  Loading Tic-Tac-Toe... real data (958 rows)
  Loading Vehicle... real data (846 rows)
  Loading Waveform... real data (5000 rows)
  Loading Wine... real data (178 rows)
  Loading Zoo... real data (101 rows)
Running: Anneal ...
  Done: acc=0.9800 F1=0.8235 R=0.8264 (paper=97.30%) rounds_avg=7.0
Running: Australian ...
  Done: acc=0.8550 F1=0.8528 R=0.8527 (paper=86.10%) rounds_avg=7.0
Running: Auto ...
  Done: acc=0.7712 F1=0.7312 R=0.7400 (paper=78.10%) rounds_avg=7.0
Running: Breast-Cancer ...
  Done: acc=0.9750 F1=0.9726 R=0.9758 (paper=96.40%) rounds_avg=7.0
Running: Cleve ...
  Done: acc=0.8321 F1=0.8286 R=0.8288 (paper=82.20%) rounds_avg=7.0
Running: Crx ...
  Done: acc=0.8613 F1=0.8584 R=0.8568 (paper=84.90%) rounds_avg=7.0
Running: Diabetes ...
  Done: acc=0.7409 F1=0.6836 R=0.6762 (paper=75.80%) rounds_avg=7.0
Running: German ...
  Done: acc=0.7170 F1=0.6495 R=0.6455 (paper=74.90%) rounds_avg=7.0
Running: Glass ...
  Done: acc=0.7114 F1=0.6514 R=0.6973 (paper=70.10%) rounds_avg=7.0
Running: Heart ...
  Done: acc=0.8074 F1=0.8032 R=0.8050 (paper=82.20%) rounds_avg=7.0
Running: Hepatitis ...
  Done: acc=0.8100 F1=0.7491 R=0.7702 (paper=80.50%) rounds_avg=7.0
Running: Horse ...
  Done: acc=0.8262 F1=0.8151 R=0.8211 (paper=82.60%) rounds_avg=7.0
Running: Hypo ...
  Done: acc=0.9829 F1=0.8908 R=0.8466 (paper=98.40%) rounds_avg=7.0
Running: Iono ...
  Done: acc=0.9287 F1=0.9212 R=0.9163 (paper=91.50%) rounds_avg=7.0
Running: Iris ...
  Done: acc=0.9333 F1=0.9325 R=0.9333 (paper=94.00%) rounds_avg=7.0
Running: Labor ...
  Done: acc=0.9000 F1=0.8898 R=0.9000 (paper=89.70%) rounds_avg=7.0
Running: Led7 ...
  Done: acc=0.7304 F1=0.7194 R=0.7279 (paper=72.50%) rounds_avg=7.0
Running: Lymphography ...
  Done: acc=0.8054 F1=0.6927 R=0.7015 (paper=83.10%) rounds_avg=7.0
Running: Pima ...
  Done: acc=0.7409 F1=0.6836 R=0.6762 (paper=75.10%) rounds_avg=7.0
Running: Sick ...
  Done: acc=0.9725 F1=0.8728 R=0.8519 (paper=97.50%) rounds_avg=7.0
Running: Sonar ...
  Done: acc=0.8180 F1=0.8157 R=0.8187 (paper=79.40%) rounds_avg=7.0
Running: Tic-Tac-Toe ...
  Done: acc=0.9864 F1=0.9849 R=0.9853 (paper=99.20%) rounds_avg=7.0
Running: Vehicle ...
  Done: acc=0.6857 F1=0.6632 R=0.6890 (paper=68.80%) rounds_avg=7.0
Running: Waveform ...
  Done: acc=0.8274 F1=0.8255 R=0.8270 (paper=83.20%) rounds_avg=7.0
Running: Wine ...
  Done: acc=0.9620 F1=0.9633 R=0.9661 (paper=95.00%) rounds_avg=7.0
Running: Zoo ...
  Done: acc=0.9366 F1=0.8854 R=0.9092 (paper=97.10%) rounds_avg=7.0

Report: results/boost/bagging-T7.md
