=== Boosted CMAR Benchmark — T=10 stratified=15 costSensitive=true ===

  Loading Anneal... real data (898 rows)
  Loading Australian... real data (690 rows)
  Loading Auto... real data (205 rows)
  Loading Breast-Cancer... real data (683 rows)
  Loading Cleve... real data (303 rows)
  Loading Crx... real data (690 rows)
  Loading Diabetes... real data (768 rows)
  Loading German... real data (1000 rows)
  Loading Glass... real data (214 rows)
  Loading Heart... real data (270 rows)
  Loading Hepatitis... real data (155 rows)
  Loading Horse... real data (368 rows)
  Loading Hypo... real data (3163 rows)
  Loading Iono... real data (351 rows)
  Loading Iris... real data (150 rows)
  Loading Labor... real data (57 rows)
  Loading Led7... real data (3200 rows)
  Loading Lymphography... real data (148 rows)
  Loading Pima... real data (768 rows)
  Loading Sick... real data (2800 rows)
  Loading Sonar... real data (208 rows)
  Loading Tic-Tac-Toe... real data (958 rows)
  Loading Vehicle... real data (846 rows)
  Loading Waveform... real data (5000 rows)
  Loading Wine... real data (178 rows)
  Loading Zoo... real data (101 rows)
Running: Anneal ...
  Done: acc=0.9822 F1=0.8257 R=0.8270 (paper=97.30%) rounds_avg=10.0
Running: Australian ...
  Done: acc=0.8578 F1=0.8556 R=0.8556 (paper=86.10%) rounds_avg=10.0
Running: Auto ...
  Done: acc=0.7952 F1=0.7804 R=0.7867 (paper=78.10%) rounds_avg=10.0
Running: Breast-Cancer ...
  Done: acc=0.9736 F1=0.9710 R=0.9737 (paper=96.40%) rounds_avg=10.0
Running: Cleve ...
  Done: acc=0.8223 F1=0.8187 R=0.8193 (paper=82.20%) rounds_avg=10.0
Running: Crx ...
  Done: acc=0.8613 F1=0.8587 R=0.8571 (paper=84.90%) rounds_avg=10.0
Running: Diabetes ...
  Done: acc=0.7408 F1=0.6866 R=0.6788 (paper=75.80%) rounds_avg=10.0
Running: German ...
  Done: acc=0.7130 F1=0.6415 R=0.6369 (paper=74.90%) rounds_avg=10.0
Running: Glass ...
  Done: acc=0.7220 F1=0.6528 R=0.6938 (paper=70.10%) rounds_avg=10.0
Running: Heart ...
  Done: acc=0.8074 F1=0.8028 R=0.8050 (paper=82.20%) rounds_avg=10.0
Running: Hepatitis ...
  Done: acc=0.8229 F1=0.7598 R=0.7747 (paper=80.50%) rounds_avg=10.0
Running: Horse ...
  Done: acc=0.8288 F1=0.8177 R=0.8231 (paper=82.60%) rounds_avg=10.0
Running: Hypo ...
  Done: acc=0.9842 F1=0.8986 R=0.8536 (paper=98.40%) rounds_avg=10.0
Running: Iono ...
  Done: acc=0.9346 F1=0.9277 R=0.9227 (paper=91.50%) rounds_avg=10.0
Running: Iris ...
  Done: acc=0.9333 F1=0.9325 R=0.9333 (paper=94.00%) rounds_avg=10.0
Running: Labor ...
  Done: acc=0.8667 F1=0.8565 R=0.8750 (paper=89.70%) rounds_avg=10.0
Running: Led7 ...
  Done: acc=0.7201 F1=0.7086 R=0.7176 (paper=72.50%) rounds_avg=10.0
Running: Lymphography ...
  Done: acc=0.8406 F1=0.7140 R=0.7283 (paper=83.10%) rounds_avg=10.0
Running: Pima ...
  Done: acc=0.7408 F1=0.6866 R=0.6788 (paper=75.10%) rounds_avg=10.0
Running: Sick ...
  Done: acc=0.9747 F1=0.8833 R=0.8661 (paper=97.50%) rounds_avg=10.0
Running: Sonar ...
  Done: acc=0.8032 F1=0.8007 R=0.8026 (paper=79.40%) rounds_avg=10.0
Running: Tic-Tac-Toe ...
  Done: acc=0.9896 F1=0.9883 R=0.9877 (paper=99.20%) rounds_avg=10.0
Running: Vehicle ...
  Done: acc=0.6798 F1=0.6556 R=0.6831 (paper=68.80%) rounds_avg=10.0
Running: Waveform ...
  Done: acc=0.8312 F1=0.8294 R=0.8308 (paper=83.20%) rounds_avg=10.0
Running: Wine ...
  Done: acc=0.9675 F1=0.9679 R=0.9713 (paper=95.00%) rounds_avg=10.0
Running: Zoo ...
  Done: acc=0.9477 F1=0.9026 R=0.9300 (paper=97.10%) rounds_avg=10.0

Report: results/boost/bagging-T10-strat15.md
