=== Boosted CMAR Benchmark — T=10 stratified=10 costSensitive=true ===

  Loading Anneal... real data (898 rows)
  Loading Australian... real data (690 rows)
  Loading Auto... real data (205 rows)
  Loading Breast-Cancer... real data (683 rows)
  Loading Cleve... real data (303 rows)
  Loading Crx... real data (690 rows)
  Loading Diabetes... real data (768 rows)
  Loading German... real data (1000 rows)
  Loading Glass... real data (214 rows)
  Loading Heart... real data (270 rows)
  Loading Hepatitis... real data (155 rows)
  Loading Horse... real data (368 rows)
  Loading Hypo... real data (3163 rows)
  Loading Iono... real data (351 rows)
  Loading Iris... real data (150 rows)
  Loading Labor... real data (57 rows)
  Loading Led7... real data (3200 rows)
  Loading Lymphography... real data (148 rows)
  Loading Pima... real data (768 rows)
  Loading Sick... real data (2800 rows)
  Loading Sonar... real data (208 rows)
  Loading Tic-Tac-Toe... real data (958 rows)
  Loading Vehicle... real data (846 rows)
  Loading Waveform... real data (5000 rows)
  Loading Wine... real data (178 rows)
  Loading Zoo... real data (101 rows)
Running: Anneal ...
  Done: acc=0.9878 F1=0.9575 R=0.9664 (paper=97.30%) rounds_avg=10.0
Running: Australian ...
  Done: acc=0.8578 F1=0.8556 R=0.8556 (paper=86.10%) rounds_avg=10.0
Running: Auto ...
  Done: acc=0.8053 F1=0.7902 R=0.7989 (paper=78.10%) rounds_avg=10.0
Running: Breast-Cancer ...
  Done: acc=0.9751 F1=0.9727 R=0.9759 (paper=96.40%) rounds_avg=10.0
Running: Cleve ...
  Done: acc=0.8156 F1=0.8119 R=0.8124 (paper=82.20%) rounds_avg=10.0
Running: Crx ...
  Done: acc=0.8613 F1=0.8587 R=0.8571 (paper=84.90%) rounds_avg=10.0
Running: Diabetes ...
  Done: acc=0.7422 F1=0.6886 R=0.6806 (paper=75.80%) rounds_avg=10.0
Running: German ...
  Done: acc=0.7090 F1=0.6658 R=0.6731 (paper=74.90%) rounds_avg=10.0
Running: Glass ...
  Done: acc=0.7114 F1=0.6450 R=0.6830 (paper=70.10%) rounds_avg=10.0
Running: Heart ...
  Done: acc=0.8074 F1=0.8027 R=0.8033 (paper=82.20%) rounds_avg=10.0
Running: Hepatitis ...
  Done: acc=0.8296 F1=0.7647 R=0.7788 (paper=80.50%) rounds_avg=10.0
Running: Horse ...
Java HotSpot(TM) 64-Bit Server VM warning: INFO: os::commit_memory(0x000001755c3b8000, 11042816, 0) failed; error='The paging file is too small for this operation to complete' (DOS error/errno=1455)
#
# There is insufficient memory for the Java Runtime Environment to continue.
# Native memory allocation (mmap) failed to map 11042816 bytes for G1 virtual space
# An error report file with more information is saved as:
# C:\Users\manhc\AppData\Local\Temp\\hs_err_pid26172.log
