=== Boosted CMAR Benchmark ó T=10 stratified=10 costSensitive=true ===

  Loading Anneal... real data (898 rows)
  Loading Australian... real data (690 rows)
  Loading Auto... real data (205 rows)
  Loading Breast-Cancer... real data (683 rows)
  Loading Cleve... real data (303 rows)
  Loading Crx... real data (690 rows)
  Loading Diabetes... real data (768 rows)
  Loading German... real data (1000 rows)
  Loading Glass... real data (214 rows)
  Loading Heart... real data (270 rows)
  Loading Hepatitis... real data (155 rows)
  Loading Horse... real data (368 rows)
  Loading Hypo... real data (3163 rows)
  Loading Iono... real data (351 rows)
  Loading Iris... real data (150 rows)
  Loading Labor... real data (57 rows)
  Loading Led7... real data (3200 rows)
  Loading Lymphography... real data (148 rows)
  Loading Pima... real data (768 rows)
  Loading Sick... real data (2800 rows)
  Loading Sonar... real data (208 rows)
  Loading Tic-Tac-Toe... real data (958 rows)
  Loading Vehicle... real data (846 rows)
  Loading Waveform... real data (5000 rows)
  Loading Wine... real data (178 rows)
  Loading Zoo... real data (101 rows)
Running: Anneal ...
  Done: acc=0.9878 F1=0.9575 R=0.9664 (paper=97.30%) rounds_avg=10.0
Running: Australian ...
  Done: acc=0.8593 F1=0.8571 R=0.8569 (paper=86.10%) rounds_avg=10.0
Running: Auto ...
  Done: acc=0.7952 F1=0.7777 R=0.7833 (paper=78.10%) rounds_avg=10.0
Running: Breast-Cancer ...
  Done: acc=0.9706 F1=0.9678 R=0.9696 (paper=96.40%) rounds_avg=10.0
Running: Cleve ...
  Done: acc=0.8224 F1=0.8191 R=0.8206 (paper=82.20%) rounds_avg=10.0
Running: Crx ...
  Done: acc=0.8642 F1=0.8618 R=0.8603 (paper=84.90%) rounds_avg=10.0
Running: Diabetes ...
  Done: acc=0.7422 F1=0.6886 R=0.6806 (paper=75.80%) rounds_avg=10.0
Running: German ...
  Done: acc=0.7210 F1=0.6757 R=0.6817 (paper=74.90%) rounds_avg=10.0
Running: Glass ...
  Done: acc=0.7071 F1=0.6330 R=0.6747 (paper=70.10%) rounds_avg=10.0
Running: Heart ...
  Done: acc=0.8148 F1=0.8104 R=0.8117 (paper=82.20%) rounds_avg=10.0
Running: Hepatitis ...
  Done: acc=0.8229 F1=0.7576 R=0.7747 (paper=80.50%) rounds_avg=10.0
Running: Horse ...
  Done: acc=0.8261 F1=0.8142 R=0.8180 (paper=82.60%) rounds_avg=10.0
Running: Hypo ...
  Done: acc=0.9911 F1=0.9512 R=0.9514 (paper=98.40%) rounds_avg=10.0
Running: Iono ...
