=== Boosted CMAR Benchmark — T=10 stratified=10 costSensitive=true ===

  Loading Anneal... real data (898 rows)
  Loading Australian... real data (690 rows)
  Loading Auto... real data (205 rows)
  Loading Breast-Cancer... real data (683 rows)
  Loading Cleve... real data (303 rows)
  Loading Crx... real data (690 rows)
  Loading Diabetes... real data (768 rows)
  Loading German... real data (1000 rows)
  Loading Glass... real data (214 rows)
  Loading Heart... real data (270 rows)
  Loading Hepatitis... real data (155 rows)
  Loading Horse... real data (368 rows)
  Loading Hypo... real data (3163 rows)
  Loading Iono... real data (351 rows)
  Loading Iris... real data (150 rows)
  Loading Labor... real data (57 rows)
  Loading Led7... real data (3200 rows)
  Loading Lymphography... real data (148 rows)
  Loading Pima... real data (768 rows)
  Loading Sick... real data (2800 rows)
  Loading Sonar... real data (208 rows)
  Loading Tic-Tac-Toe... real data (958 rows)
  Loading Vehicle... real data (846 rows)
  Loading Waveform... real data (5000 rows)
  Loading Wine... real data (178 rows)
  Loading Zoo... real data (101 rows)
Running: Anneal ...
  Done: acc=0.9878 F1=0.9576 R=0.9664 (paper=97.30%) rounds_avg=10.0
Running: Australian ...
  Done: acc=0.8652 F1=0.8636 R=0.8644 (paper=86.10%) rounds_avg=10.0
Running: Auto ...
  Done: acc=0.7829 F1=0.7550 R=0.7610 (paper=78.10%) rounds_avg=10.0
Running: Breast-Cancer ...
  Done: acc=0.9736 F1=0.9711 R=0.9738 (paper=96.40%) rounds_avg=10.0
Running: Cleve ...
  Done: acc=0.8218 F1=0.8187 R=0.8190 (paper=82.20%) rounds_avg=10.0
Running: Crx ...
  Done: acc=0.8612 F1=0.8580 R=0.8563 (paper=84.90%) rounds_avg=10.0
Running: Diabetes ...
  Done: acc=0.7604 F1=0.7088 R=0.6981 (paper=75.80%) rounds_avg=10.0
Running: German ...
  Done: acc=0.7070 F1=0.6659 R=0.6764 (paper=74.90%) rounds_avg=10.0
Running: Glass ...
  Done: acc=0.6949 F1=0.5695 R=0.6272 (paper=70.10%) rounds_avg=10.0
Running: Heart ...
  Done: acc=0.8111 F1=0.8077 R=0.8100 (paper=82.20%) rounds_avg=10.0
Running: Hepatitis ...
  Done: acc=0.8154 F1=0.7415 R=0.7574 (paper=80.50%) rounds_avg=10.0
Running: Horse ...
  Done: acc=0.8424 F1=0.8308 R=0.8324 (paper=82.60%) rounds_avg=10.0
Running: Hypo ...
  Done: acc=0.9851 F1=0.9207 R=0.9295 (paper=98.40%) rounds_avg=10.0
Running: Iono ...
  Done: acc=0.9147 F1=0.9054 R=0.8985 (paper=91.50%) rounds_avg=10.0
Running: Iris ...
  Done: acc=0.9667 F1=0.9665 R=0.9667 (paper=94.00%) rounds_avg=10.0
Running: Labor ...
  Done: acc=0.8800 F1=0.8660 R=0.8750 (paper=89.70%) rounds_avg=10.0
Running: Led7 ...
  Done: acc=0.7291 F1=0.7183 R=0.7268 (paper=72.50%) rounds_avg=10.0
Running: Lymphography ...
  Done: acc=0.8540 F1=0.7382 R=0.7397 (paper=83.10%) rounds_avg=10.0
Running: Pima ...
  Done: acc=0.7604 F1=0.7088 R=0.6981 (paper=75.10%) rounds_avg=10.0
Running: Sick ...
  Done: acc=0.9564 F1=0.8346 R=0.8807 (paper=97.50%) rounds_avg=10.0
Running: Sonar ...
  Done: acc=0.8363 F1=0.8345 R=0.8363 (paper=79.40%) rounds_avg=10.0
Running: Tic-Tac-Toe ...
  Done: acc=0.9874 F1=0.9860 R=0.9861 (paper=99.20%) rounds_avg=10.0
Running: Vehicle ...
  Done: acc=0.7020 F1=0.6929 R=0.7052 (paper=68.80%) rounds_avg=10.0
Running: Waveform ...
  Done: acc=0.8464 F1=0.8458 R=0.8462 (paper=83.20%) rounds_avg=10.0
Running: Wine ...
  Done: acc=0.9610 F1=0.9626 R=0.9679 (paper=95.00%) rounds_avg=10.0
Running: Zoo ...
  Done: acc=0.9477 F1=0.9026 R=0.9300 (paper=97.10%) rounds_avg=10.0

Report: results/FUZZY-tau40.md
