=== Boosted CMAR Benchmark — T=10 stratified=10 costSensitive=true ===

  Loading Anneal... real data (898 rows)
  Loading Australian... real data (690 rows)
  Loading Auto... real data (205 rows)
  Loading Breast-Cancer... real data (683 rows)
  Loading Cleve... real data (303 rows)
  Loading Crx... real data (690 rows)
  Loading Diabetes... real data (768 rows)
  Loading German... real data (1000 rows)
  Loading Glass... real data (214 rows)
  Loading Heart... real data (270 rows)
  Loading Hepatitis... real data (155 rows)
  Loading Horse... real data (368 rows)
  Loading Hypo... real data (3163 rows)
  Loading Iono... real data (351 rows)
  Loading Iris... real data (150 rows)
  Loading Labor... real data (57 rows)
  Loading Led7... real data (3200 rows)
  Loading Lymphography... real data (148 rows)
  Loading Pima... real data (768 rows)
  Loading Sick... real data (2800 rows)
  Loading Sonar... real data (208 rows)
  Loading Tic-Tac-Toe... real data (958 rows)
  Loading Vehicle... real data (846 rows)
  Loading Waveform... real data (5000 rows)
  Loading Wine... real data (178 rows)
  Loading Zoo... real data (101 rows)
Running: Anneal ...
  Done: acc=0.9844 F1=0.9508 R=0.9714 (paper=97.30%) rounds_avg=10.0
Running: Australian ...
  Done: acc=0.8638 F1=0.8614 R=0.8609 (paper=86.10%) rounds_avg=10.0
Running: Auto ...
  Done: acc=0.6124 F1=0.5521 R=0.5625 (paper=78.10%) rounds_avg=10.0
Running: Breast-Cancer ...
  Done: acc=0.9721 F1=0.9695 R=0.9717 (paper=96.40%) rounds_avg=10.0
Running: Cleve ...
  Done: acc=0.8386 F1=0.8356 R=0.8359 (paper=82.20%) rounds_avg=10.0
Running: Crx ...
  Done: acc=0.8526 F1=0.8494 R=0.8480 (paper=84.90%) rounds_avg=10.0
Running: Diabetes ...
  Done: acc=0.7527 F1=0.7121 R=0.7035 (paper=75.80%) rounds_avg=10.0
Running: German ...
  Done: acc=0.7210 F1=0.6814 R=0.6921 (paper=74.90%) rounds_avg=10.0
Running: Glass ...
  Done: acc=0.6728 F1=0.6041 R=0.6654 (paper=70.10%) rounds_avg=10.0
Running: Heart ...
  Done: acc=0.8037 F1=0.7986 R=0.7992 (paper=82.20%) rounds_avg=10.0
Running: Hepatitis ...
  Done: acc=0.8159 F1=0.7492 R=0.7702 (paper=80.50%) rounds_avg=10.0
Running: Horse ...
  Done: acc=0.8315 F1=0.8211 R=0.8267 (paper=82.60%) rounds_avg=10.0
Running: Hypo ...
  Done: acc=0.9855 F1=0.9240 R=0.9451 (paper=98.40%) rounds_avg=10.0
Running: Iono ...
  Done: acc=0.8945 F1=0.8875 R=0.8969 (paper=91.50%) rounds_avg=10.0
Running: Iris ...
  Done: acc=0.9533 F1=0.9526 R=0.9533 (paper=94.00%) rounds_avg=10.0
Running: Labor ...
  Done: acc=0.8667 F1=0.8565 R=0.8750 (paper=89.70%) rounds_avg=10.0
Running: Led7 ...
  Done: acc=0.7291 F1=0.7183 R=0.7268 (paper=72.50%) rounds_avg=10.0
Running: Lymphography ...
  Done: acc=0.8540 F1=0.7382 R=0.7397 (paper=83.10%) rounds_avg=10.0
Running: Pima ...
  Done: acc=0.7527 F1=0.7121 R=0.7035 (paper=75.10%) rounds_avg=10.0
Running: Sick ...
  Done: acc=0.9511 F1=0.8305 R=0.9162 (paper=97.50%) rounds_avg=10.0
Running: Sonar ...
  Done: acc=0.8082 F1=0.8059 R=0.8071 (paper=79.40%) rounds_avg=10.0
Running: Tic-Tac-Toe ...
  Done: acc=0.9874 F1=0.9860 R=0.9861 (paper=99.20%) rounds_avg=10.0
Running: Vehicle ...
  Done: acc=0.6798 F1=0.6673 R=0.6832 (paper=68.80%) rounds_avg=10.0
Running: Waveform ...
  Done: acc=0.8468 F1=0.8465 R=0.8467 (paper=83.20%) rounds_avg=10.0
Running: Wine ...
  Done: acc=0.9731 F1=0.9737 R=0.9772 (paper=95.00%) rounds_avg=10.0
Running: Zoo ...
  Done: acc=0.9477 F1=0.9026 R=0.9300 (paper=97.10%) rounds_avg=10.0

Report: results/FW-full.md
