=== Boosted CMAR Benchmark — T=10 stratified=10 costSensitive=true ===

  Loading Anneal... real data (898 rows)
  Loading Australian... real data (690 rows)
  Loading Auto... real data (205 rows)
  Loading Breast-Cancer... real data (683 rows)
  Loading Cleve... real data (303 rows)
  Loading Crx... real data (690 rows)
  Loading Diabetes... real data (768 rows)
  Loading German... real data (1000 rows)
  Loading Glass... real data (214 rows)
  Loading Heart... real data (270 rows)
  Loading Hepatitis... real data (155 rows)
  Loading Horse... real data (368 rows)
  Loading Hypo... real data (3163 rows)
  Loading Iono... real data (351 rows)
  Loading Iris... real data (150 rows)
  Loading Labor... real data (57 rows)
  Loading Led7... real data (3200 rows)
  Loading Lymphography... real data (148 rows)
  Loading Pima... real data (768 rows)
  Loading Sick... real data (2800 rows)
  Loading Sonar... real data (208 rows)
  Loading Tic-Tac-Toe... real data (958 rows)
  Loading Vehicle... real data (846 rows)
  Loading Waveform... real data (5000 rows)
  Loading Wine... real data (178 rows)
  Loading Zoo... real data (101 rows)
Running: Anneal ...
  Done: acc=0.9888 F1=0.9582 R=0.9535 (paper=97.30%) rounds_avg=10.0
Running: Australian ...
  Done: acc=0.8623 F1=0.8603 R=0.8603 (paper=86.10%) rounds_avg=10.0
Running: Auto ...
  Done: acc=0.7809 F1=0.7639 R=0.7725 (paper=78.10%) rounds_avg=10.0
Running: Breast-Cancer ...
  Done: acc=0.9751 F1=0.9727 R=0.9759 (paper=96.40%) rounds_avg=10.0
Running: Cleve ...
  Done: acc=0.8190 F1=0.8154 R=0.8159 (paper=82.20%) rounds_avg=10.0
Running: Crx ...
  Done: acc=0.8641 F1=0.8616 R=0.8603 (paper=84.90%) rounds_avg=10.0
Running: Diabetes ...
  Done: acc=0.7383 F1=0.6851 R=0.6776 (paper=75.80%) rounds_avg=10.0
Running: German ...
  Done: acc=0.7390 F1=0.6453 R=0.6364 (paper=74.90%) rounds_avg=10.0
Running: Glass ...
  Done: acc=0.7065 F1=0.6229 R=0.6553 (paper=70.10%) rounds_avg=10.0
Running: Heart ...
  Done: acc=0.7852 F1=0.7800 R=0.7833 (paper=82.20%) rounds_avg=10.0
Running: Hepatitis ...
  Done: acc=0.7963 F1=0.6563 R=0.6401 (paper=80.50%) rounds_avg=10.0
Running: Horse ...
  Done: acc=0.8559 F1=0.8405 R=0.8339 (paper=82.60%) rounds_avg=10.0
Running: Hypo ...
  Done: acc=0.9918 F1=0.9539 R=0.9486 (paper=98.40%) rounds_avg=10.0
Running: Iono ...
  Done: acc=0.9170 F1=0.9054 R=0.8928 (paper=91.50%) rounds_avg=10.0
Running: Iris ...
  Done: acc=0.9333 F1=0.9325 R=0.9333 (paper=94.00%) rounds_avg=10.0
Running: Labor ...
  Done: acc=0.8833 F1=0.8625 R=0.8625 (paper=89.70%) rounds_avg=10.0
Running: Led7 ...
  Done: acc=0.7291 F1=0.7183 R=0.7268 (paper=72.50%) rounds_avg=10.0
Running: Lymphography ...
  Done: acc=0.8508 F1=0.7316 R=0.7345 (paper=83.10%) rounds_avg=10.0
Running: Pima ...
  Done: acc=0.7383 F1=0.6851 R=0.6776 (paper=75.10%) rounds_avg=10.0
Running: Sick ...
  Done: acc=0.9711 F1=0.8800 R=0.8969 (paper=97.50%) rounds_avg=10.0
Running: Sonar ...
  Done: acc=0.7985 F1=0.7961 R=0.7991 (paper=79.40%) rounds_avg=10.0
Running: Tic-Tac-Toe ...
  Done: acc=0.9948 F1=0.9941 R=0.9924 (paper=99.20%) rounds_avg=10.0
Running: Vehicle ...
  Done: acc=0.7044 F1=0.6912 R=0.7073 (paper=68.80%) rounds_avg=10.0
Running: Waveform ...
  Done: acc=0.8352 F1=0.8343 R=0.8349 (paper=83.20%) rounds_avg=10.0
Running: Wine ...
  Done: acc=0.9670 F1=0.9673 R=0.9685 (paper=95.00%) rounds_avg=10.0
Running: Zoo ...
  Done: acc=0.9652 F1=0.9181 R=0.9371 (paper=97.10%) rounds_avg=10.0

Report: results/TOPK-5.md
