=== Boosted CMAR Benchmark — T=10 stratified=10 costSensitive=true ===

  Loading Anneal... real data (898 rows)
  Loading Australian... real data (690 rows)
  Loading Auto... real data (205 rows)
  Loading Breast-Cancer... real data (683 rows)
  Loading Cleve... real data (303 rows)
  Loading Crx... real data (690 rows)
  Loading Diabetes... real data (768 rows)
  Loading German... real data (1000 rows)
  Loading Glass... real data (214 rows)
  Loading Heart... real data (270 rows)
  Loading Hepatitis... real data (155 rows)
  Loading Horse... real data (368 rows)
  Loading Hypo... real data (3163 rows)
  Loading Iono... real data (351 rows)
  Loading Iris... real data (150 rows)
  Loading Labor... real data (57 rows)
  Loading Led7... real data (3200 rows)
  Loading Lymphography... real data (148 rows)
  Loading Pima... real data (768 rows)
  Loading Sick... real data (2800 rows)
  Loading Sonar... real data (208 rows)
  Loading Tic-Tac-Toe... real data (958 rows)
  Loading Vehicle... real data (846 rows)
  Loading Waveform... real data (5000 rows)
  Loading Wine... real data (178 rows)
  Loading Zoo... real data (101 rows)
Running: Anneal ...
  Done: acc=0.9877 F1=0.9572 R=0.9532 (paper=97.30%) rounds_avg=10.0
Running: Australian ...
  Done: acc=0.8609 F1=0.8587 R=0.8586 (paper=86.10%) rounds_avg=10.0
Running: Auto ...
  Done: acc=0.7971 F1=0.7837 R=0.7973 (paper=78.10%) rounds_avg=10.0
Running: Breast-Cancer ...
  Done: acc=0.9722 F1=0.9695 R=0.9717 (paper=96.40%) rounds_avg=10.0
Running: Cleve ...
  Done: acc=0.8291 F1=0.8256 R=0.8265 (paper=82.20%) rounds_avg=10.0
Running: Crx ...
  Done: acc=0.8598 F1=0.8566 R=0.8555 (paper=84.90%) rounds_avg=10.0
Running: Diabetes ...
  Done: acc=0.7396 F1=0.6883 R=0.6805 (paper=75.80%) rounds_avg=10.0
Running: German ...
  Done: acc=0.7360 F1=0.6633 R=0.6571 (paper=74.90%) rounds_avg=10.0
Running: Glass ...
  Done: acc=0.7114 F1=0.6450 R=0.6830 (paper=70.10%) rounds_avg=10.0
Running: Heart ...
  Done: acc=0.7889 F1=0.7835 R=0.7867 (paper=82.20%) rounds_avg=10.0
Running: Hepatitis ...
  Done: acc=0.8221 F1=0.7197 R=0.7240 (paper=80.50%) rounds_avg=10.0
Running: Horse ...
  Done: acc=0.8343 F1=0.8214 R=0.8212 (paper=82.60%) rounds_avg=10.0
Running: Hypo ...
  Done: acc=0.9918 F1=0.9542 R=0.9518 (paper=98.40%) rounds_avg=10.0
Running: Iono ...
  Done: acc=0.9172 F1=0.9072 R=0.8983 (paper=91.50%) rounds_avg=10.0
Running: Iris ...
  Done: acc=0.9333 F1=0.9325 R=0.9333 (paper=94.00%) rounds_avg=10.0
Running: Labor ...
  Done: acc=0.8833 F1=0.8676 R=0.8750 (paper=89.70%) rounds_avg=10.0
Running: Led7 ...
  Done: acc=0.7291 F1=0.7183 R=0.7268 (paper=72.50%) rounds_avg=10.0
Running: Lymphography ...
  Done: acc=0.8718 F1=0.7815 R=0.7817 (paper=83.10%) rounds_avg=10.0
Running: Pima ...
  Done: acc=0.7396 F1=0.6883 R=0.6805 (paper=75.10%) rounds_avg=10.0
Running: Sick ...
  Done: acc=0.9707 F1=0.8795 R=0.8995 (paper=97.50%) rounds_avg=10.0
Running: Sonar ...
  Done: acc=0.7985 F1=0.7959 R=0.7981 (paper=79.40%) rounds_avg=10.0
Running: Tic-Tac-Toe ...
  Done: acc=0.9948 F1=0.9941 R=0.9924 (paper=99.20%) rounds_avg=10.0
Running: Vehicle ...
  Done: acc=0.7009 F1=0.6893 R=0.7037 (paper=68.80%) rounds_avg=10.0
Running: Waveform ...
  Done: acc=0.8414 F1=0.8406 R=0.8411 (paper=83.20%) rounds_avg=10.0
Running: Wine ...
  Done: acc=0.9614 F1=0.9621 R=0.9630 (paper=95.00%) rounds_avg=10.0
Running: Zoo ...
  Done: acc=0.9561 F1=0.9113 R=0.9336 (paper=97.10%) rounds_avg=10.0

Report: results/TOPK-7.md
