=== Boosted CMAR Benchmark — T=10 stratified=10 costSensitive=true ===

  Loading Anneal... real data (898 rows)
  Loading Australian... real data (690 rows)
  Loading Auto... real data (205 rows)
  Loading Breast-Cancer... real data (683 rows)
  Loading Cleve... real data (303 rows)
  Loading Crx... real data (690 rows)
  Loading Diabetes... real data (768 rows)
  Loading German... real data (1000 rows)
  Loading Glass... real data (214 rows)
  Loading Heart... real data (270 rows)
  Loading Hepatitis... real data (155 rows)
  Loading Horse... real data (368 rows)
  Loading Hypo... real data (3163 rows)
  Loading Iono... real data (351 rows)
  Loading Iris... real data (150 rows)
  Loading Labor... real data (57 rows)
  Loading Led7... real data (3200 rows)
  Loading Lymphography... real data (148 rows)
  Loading Pima... real data (768 rows)
  Loading Sick... real data (2800 rows)
  Loading Sonar... real data (208 rows)
  Loading Tic-Tac-Toe... real data (958 rows)
  Loading Vehicle... real data (846 rows)
  Loading Waveform... real data (5000 rows)
  Loading Wine... real data (178 rows)
  Loading Zoo... real data (101 rows)
Running: Anneal ...
  Done: acc=0.9866 F1=0.9545 R=0.9660 (paper=97.30%) rounds_avg=10.0
Running: Australian ...
  Done: acc=0.8608 F1=0.8588 R=0.8589 (paper=86.10%) rounds_avg=10.0
Running: Auto ...
  Done: acc=0.7902 F1=0.7718 R=0.7767 (paper=78.10%) rounds_avg=10.0
Running: Breast-Cancer ...
  Done: acc=0.9722 F1=0.9696 R=0.9727 (paper=96.40%) rounds_avg=10.0
Running: Cleve ...
  Done: acc=0.8224 F1=0.8189 R=0.8200 (paper=82.20%) rounds_avg=10.0
Running: Crx ...
  Done: acc=0.8569 F1=0.8536 R=0.8518 (paper=84.90%) rounds_avg=10.0
Running: Diabetes ...
  Done: acc=0.7343 F1=0.6810 R=0.6738 (paper=75.80%) rounds_avg=10.0
Running: German ...
  Done: acc=0.7160 F1=0.6760 R=0.6886 (paper=74.90%) rounds_avg=10.0
Running: Glass ...
  Done: acc=0.7121 F1=0.6368 R=0.6771 (paper=70.10%) rounds_avg=10.0
Running: Heart ...
  Done: acc=0.8185 F1=0.8139 R=0.8158 (paper=82.20%) rounds_avg=10.0
Running: Hepatitis ...
  Done: acc=0.8359 F1=0.7696 R=0.7827 (paper=80.50%) rounds_avg=10.0
Running: Horse ...
  Done: acc=0.8289 F1=0.8170 R=0.8217 (paper=82.60%) rounds_avg=10.0
Running: Hypo ...
  Done: acc=0.9908 F1=0.9500 R=0.9544 (paper=98.40%) rounds_avg=10.0
Running: Iono ...
  Done: acc=0.9317 F1=0.9243 R=0.9189 (paper=91.50%) rounds_avg=10.0
Running: Iris ...
  Done: acc=0.9333 F1=0.9325 R=0.9333 (paper=94.00%) rounds_avg=10.0
Running: Labor ...
  Done: acc=0.8833 F1=0.8736 R=0.8875 (paper=89.70%) rounds_avg=10.0
Running: Led7 ...
  Done: acc=0.7248 F1=0.7131 R=0.7221 (paper=72.50%) rounds_avg=10.0
Running: Lymphography ...
  Done: acc=0.8540 F1=0.7392 R=0.7408 (paper=83.10%) rounds_avg=10.0
Running: Pima ...
  Done: acc=0.7343 F1=0.6810 R=0.6738 (paper=75.10%) rounds_avg=10.0
Running: Sick ...
  Done: acc=0.9707 F1=0.8813 R=0.9075 (paper=97.50%) rounds_avg=10.0
Running: Sonar ...
  Done: acc=0.8130 F1=0.8107 R=0.8111 (paper=79.40%) rounds_avg=10.0
Running: Tic-Tac-Toe ...
  Done: acc=0.9864 F1=0.9850 R=0.9867 (paper=99.20%) rounds_avg=10.0
Running: Vehicle ...
Java HotSpot(TM) 64-Bit Server VM warning: INFO: os::commit_memory(0x00000000af900000, 246415360, 0) failed; error='The paging file is too small for this operation to complete' (DOS error/errno=1455)
#
# There is insufficient memory for the Java Runtime Environment to continue.
# Native memory allocation (mmap) failed to map 246415360 bytes for G1 virtual space
# An error report file with more information is saved as:
# C:\Users\manhc\AppData\Local\Temp\\hs_err_pid39232.log
