=== Boosted CMAR Benchmark — T=10 stratified=10 costSensitive=true ===

  Loading Anneal... real data (898 rows)
  Loading Australian... real data (690 rows)
  Loading Auto... real data (205 rows)
  Loading Breast-Cancer... real data (683 rows)
  Loading Cleve... real data (303 rows)
  Loading Crx... real data (690 rows)
  Loading Diabetes... real data (768 rows)
  Loading German... real data (1000 rows)
  Loading Glass... real data (214 rows)
  Loading Heart... real data (270 rows)
  Loading Hepatitis... real data (155 rows)
  Loading Horse... real data (368 rows)
  Loading Hypo... real data (3163 rows)
  Loading Iono... real data (351 rows)
  Loading Iris... real data (150 rows)
  Loading Labor... real data (57 rows)
  Loading Led7... real data (3200 rows)
  Loading Lymphography... real data (148 rows)
  Loading Pima... real data (768 rows)
  Loading Sick... real data (2800 rows)
  Loading Sonar... real data (208 rows)
  Loading Tic-Tac-Toe... real data (958 rows)
  Loading Vehicle... real data (846 rows)
  Loading Waveform... real data (5000 rows)
  Loading Wine... real data (178 rows)
  Loading Zoo... real data (101 rows)
Running: Anneal ...
  Done: acc=0.9844 F1=0.9452 R=0.9629 (paper=97.30%) rounds_avg=10.0
Running: Australian ...
  Done: acc=0.8594 F1=0.8573 R=0.8577 (paper=86.10%) rounds_avg=10.0
Running: Auto ...
  Done: acc=0.7953 F1=0.7850 R=0.7987 (paper=78.10%) rounds_avg=10.0
Running: Breast-Cancer ...
  Done: acc=0.9750 F1=0.9727 R=0.9767 (paper=96.40%) rounds_avg=10.0
Running: Cleve ...
  Done: acc=0.8159 F1=0.8123 R=0.8139 (paper=82.20%) rounds_avg=10.0
Running: Crx ...
  Done: acc=0.8540 F1=0.8510 R=0.8496 (paper=84.90%) rounds_avg=10.0
Running: Diabetes ...
  Done: acc=0.7356 F1=0.6827 R=0.6756 (paper=75.80%) rounds_avg=10.0
Running: German ...
  Done: acc=0.6750 F1=0.6599 R=0.7050 (paper=74.90%) rounds_avg=10.0
Running: Glass ...
  Done: acc=0.7109 F1=0.6399 R=0.6771 (paper=70.10%) rounds_avg=10.0
Running: Heart ...
  Done: acc=0.8074 F1=0.8030 R=0.8050 (paper=82.20%) rounds_avg=10.0
Running: Hepatitis ...
  Done: acc=0.7825 F1=0.7387 R=0.7872 (paper=80.50%) rounds_avg=10.0
Running: Horse ...
  Done: acc=0.8069 F1=0.7972 R=0.8090 (paper=82.60%) rounds_avg=10.0
Running: Hypo ...
  Done: acc=0.9908 F1=0.9500 R=0.9544 (paper=98.40%) rounds_avg=10.0
Running: Iono ...
  Done: acc=0.9258 F1=0.9188 R=0.9176 (paper=91.50%) rounds_avg=10.0
Running: Iris ...
  Done: acc=0.9333 F1=0.9325 R=0.9333 (paper=94.00%) rounds_avg=10.0
Running: Labor ...
  Done: acc=0.8667 F1=0.8565 R=0.8750 (paper=89.70%) rounds_avg=10.0
Running: Led7 ...
  Done: acc=0.7291 F1=0.7183 R=0.7268 (paper=72.50%) rounds_avg=10.0
Running: Lymphography ...
  Done: acc=0.8402 F1=0.7265 R=0.7293 (paper=83.10%) rounds_avg=10.0
Running: Pima ...
  Done: acc=0.7356 F1=0.6827 R=0.6756 (paper=75.10%) rounds_avg=10.0
Running: Sick ...
  Done: acc=0.9718 F1=0.8862 R=0.9136 (paper=97.50%) rounds_avg=10.0
Running: Sonar ...
  Done: acc=0.8028 F1=0.8013 R=0.8020 (paper=79.40%) rounds_avg=10.0
Running: Tic-Tac-Toe ...
  Done: acc=0.9728 F1=0.9703 R=0.9749 (paper=99.20%) rounds_avg=10.0
Running: Vehicle ...
  Done: acc=0.7068 F1=0.6989 R=0.7097 (paper=68.80%) rounds_avg=10.0
Running: Waveform ...
  Done: acc=0.8440 F1=0.8436 R=0.8439 (paper=83.20%) rounds_avg=10.0
Running: Wine ...
  Done: acc=0.9620 F1=0.9626 R=0.9658 (paper=95.00%) rounds_avg=10.0
Running: Zoo ...
  Done: acc=0.9401 F1=0.8954 R=0.9229 (paper=97.10%) rounds_avg=10.0

Report: results/V3-confLift.md
