=== Boosted CMAR Benchmark — T=10 stratified=10 costSensitive=true ===

  Loading Anneal... real data (898 rows)
  Loading Australian... real data (690 rows)
  Loading Auto... real data (205 rows)
  Loading Breast-Cancer... real data (683 rows)
  Loading Cleve... real data (303 rows)
  Loading Crx... real data (690 rows)
  Loading Diabetes... real data (768 rows)
  Loading German... real data (1000 rows)
  Loading Glass... real data (214 rows)
  Loading Heart... real data (270 rows)
  Loading Hepatitis... real data (155 rows)
  Loading Horse... real data (368 rows)
  Loading Hypo... real data (3163 rows)
  Loading Iono... real data (351 rows)
  Loading Iris... real data (150 rows)
  Loading Labor... real data (57 rows)
  Loading Led7... real data (3200 rows)
  Loading Lymphography... real data (148 rows)
  Loading Pima... real data (768 rows)
  Loading Sick... real data (2800 rows)
  Loading Sonar... real data (208 rows)
  Loading Tic-Tac-Toe... real data (958 rows)
  Loading Vehicle... real data (846 rows)
  Loading Waveform... real data (5000 rows)
  Loading Wine... real data (178 rows)
  Loading Zoo... real data (101 rows)
Running: Anneal ...
  Done: acc=0.9866 F1=0.9520 R=0.9576 (paper=97.30%) rounds_avg=10.0
Running: Australian ...
  Done: acc=0.8637 F1=0.8617 R=0.8618 (paper=86.10%) rounds_avg=10.0
Running: Auto ...
  Done: acc=0.8153 F1=0.8116 R=0.8232 (paper=78.10%) rounds_avg=10.0
Running: Breast-Cancer ...
  Done: acc=0.9722 F1=0.9695 R=0.9717 (paper=96.40%) rounds_avg=10.0
Running: Cleve ...
  Done: acc=0.8258 F1=0.8222 R=0.8229 (paper=82.20%) rounds_avg=10.0
Running: Crx ...
  Done: acc=0.8497 F1=0.8467 R=0.8457 (paper=84.90%) rounds_avg=10.0
Running: Diabetes ...
  Done: acc=0.7370 F1=0.6839 R=0.6766 (paper=75.80%) rounds_avg=10.0
Running: German ...
  Done: acc=0.7320 F1=0.6773 R=0.6781 (paper=74.90%) rounds_avg=10.0
Running: Glass ...
  Done: acc=0.7114 F1=0.6450 R=0.6830 (paper=70.10%) rounds_avg=10.0
Running: Heart ...
  Done: acc=0.8037 F1=0.7990 R=0.8017 (paper=82.20%) rounds_avg=10.0
Running: Hepatitis ...
  Done: acc=0.8421 F1=0.7649 R=0.7740 (paper=80.50%) rounds_avg=10.0
Running: Horse ...
  Done: acc=0.8289 F1=0.8168 R=0.8200 (paper=82.60%) rounds_avg=10.0
Running: Hypo ...
  Done: acc=0.9915 F1=0.9527 R=0.9516 (paper=98.40%) rounds_avg=10.0
Running: Iono ...
  Done: acc=0.9229 F1=0.9142 R=0.9064 (paper=91.50%) rounds_avg=10.0
Running: Iris ...
  Done: acc=0.9333 F1=0.9325 R=0.9333 (paper=94.00%) rounds_avg=10.0
Running: Labor ...
  Done: acc=0.8833 F1=0.8736 R=0.8875 (paper=89.70%) rounds_avg=10.0
Running: Led7 ...
  Done: acc=0.7291 F1=0.7183 R=0.7268 (paper=72.50%) rounds_avg=10.0
Running: Lymphography ...
  Done: acc=0.8469 F1=0.7310 R=0.7314 (paper=83.10%) rounds_avg=10.0
Running: Pima ...
  Done: acc=0.7370 F1=0.6839 R=0.6766 (paper=75.10%) rounds_avg=10.0
Running: Sick ...
  Done: acc=0.9714 F1=0.8828 R=0.9052 (paper=97.50%) rounds_avg=10.0
Running: Sonar ...
  Done: acc=0.8080 F1=0.8062 R=0.8076 (paper=79.40%) rounds_avg=10.0
Running: Tic-Tac-Toe ...
  Done: acc=0.9874 F1=0.9860 R=0.9861 (paper=99.20%) rounds_avg=10.0
Running: Vehicle ...
  Done: acc=0.7115 F1=0.7010 R=0.7143 (paper=68.80%) rounds_avg=10.0
Running: Waveform ...
  Done: acc=0.8396 F1=0.8388 R=0.8393 (paper=83.20%) rounds_avg=10.0
Running: Wine ...
  Done: acc=0.9620 F1=0.9626 R=0.9658 (paper=95.00%) rounds_avg=10.0
Running: Zoo ...
  Done: acc=0.9561 F1=0.9094 R=0.9336 (paper=97.10%) rounds_avg=10.0

Report: results/V3-topK10.md
